  Config.cpp
  EventListener.cpp
  Aimbot.cpp
  AntiAim.cpp
  Backtrack.cpp
  Chams.cpp
  EnginePrediction.cpp
  Esp.cpp
  Glow.cpp
  Reportbot.cpp
  SkinChanger.cpp
  Triggerbot.cpp
  Visuals.cpp
  imguiCustom.cpp
  imgui_stdlib.cpp
  jsoncpp.cpp
  Netvars.cpp
  config_.cpp
  item_definitions.cpp
  Platform.cpp
  Osiris.cpp
  GUI.cpp
  Misc.cpp
  Hooks.cpp
  imgui.cpp
  imgui_demo.cpp
  imgui_draw.cpp
  imgui_impl_dx9.cpp
  imgui_impl_win32.cpp
  imgui_widgets.cpp
  Memory.cpp
  GlobalVars.cpp
  KeyValues.cpp
  Osiris.vcxproj -> D:\VANITY\VanityBin\Debug\Osiris.dll
