d:\vanity\vanitybin\osiris\release\eventlistener.obj
d:\vanity\vanitybin\osiris\release\engineprediction.obj
d:\vanity\vanitybin\osiris\release\jsoncpp.obj
d:\vanity\vanitybin\osiris\release\osiris.obj
d:\vanity\vanitybin\osiris\release\imgui_impl_dx9.obj
d:\vanity\vanitybin\osiris\release\globalvars.obj
d:\vanity\vanitybin\osiris\release\aimbot.obj
d:\vanity\vanitybin\osiris\release\glow.obj
d:\vanity\vanitybin\osiris\release\imguicustom.obj
d:\vanity\vanitybin\osiris\release\config_.obj
d:\vanity\vanitybin\osiris\release\hooks.obj
d:\vanity\vanitybin\osiris\release\chams.obj
d:\vanity\vanitybin\osiris\release\skinchanger.obj
d:\vanity\vanitybin\osiris\release\platform.obj
d:\vanity\vanitybin\osiris\release\imgui_demo.obj
d:\vanity\vanitybin\osiris\release\imgui_impl_win32.obj
d:\vanity\vanitybin\osiris\release\keyvalues.obj
d:\vanity\vanitybin\osiris\release\antiaim.obj
d:\vanity\vanitybin\osiris\release\esp.obj
d:\vanity\vanitybin\osiris\release\imgui_stdlib.obj
d:\vanity\vanitybin\osiris\release\netvars.obj
d:\vanity\vanitybin\osiris\release\imgui.obj
d:\vanity\vanitybin\osiris\release\imgui_draw.obj
d:\vanity\vanitybin\osiris\release\imgui_widgets.obj
d:\vanity\vanitybin\osiris\release\config.obj
d:\vanity\vanitybin\osiris\release\triggerbot.obj
d:\vanity\vanitybin\osiris\release\item_definitions.obj
d:\vanity\vanitybin\osiris\release\misc.obj
d:\vanity\vanitybin\osiris\release\backtrack.obj
d:\vanity\vanitybin\osiris\release\reportbot.obj
d:\vanity\vanitybin\osiris\release\visuals.obj
d:\vanity\vanitybin\osiris\release\gui.obj
d:\vanity\vanitybin\osiris\release\memory.obj
d:\vanity\vanitybin\release\osiris.dll
d:\vanity\vanitybin\release\osiris.ipdb
d:\vanity\vanitybin\release\osiris.iobj
d:\vanity\vanitybin\osiris\release\osiris.tlog\cl.command.1.tlog
d:\vanity\vanitybin\osiris\release\osiris.tlog\cl.read.1.tlog
d:\vanity\vanitybin\osiris\release\osiris.tlog\cl.write.1.tlog
d:\vanity\vanitybin\osiris\release\osiris.tlog\link.command.1.tlog
d:\vanity\vanitybin\osiris\release\osiris.tlog\link.read.1.tlog
d:\vanity\vanitybin\osiris\release\osiris.tlog\link.write.1.tlog
d:\vanity\vanitybin\osiris\release\osiris.tlog\osiris.write.1u.tlog
