  Config.cpp
  EventListener.cpp
  Aimbot.cpp
  AntiAim.cpp
  Backtrack.cpp
  Chams.cpp
  EnginePrediction.cpp
  Esp.cpp
  Glow.cpp
  Reportbot.cpp
  SkinChanger.cpp
  Triggerbot.cpp
  Visuals.cpp
  imguiCustom.cpp
  imgui_stdlib.cpp
  jsoncpp.cpp
  Netvars.cpp
  config_.cpp
  item_definitions.cpp
  Platform.cpp
  Osiris.cpp
  GUI.cpp
  Misc.cpp
  Hooks.cpp
  imgui.cpp
  imgui_demo.cpp
  imgui_draw.cpp
  imgui_impl_dx9.cpp
  imgui_impl_win32.cpp
  imgui_widgets.cpp
  Memory.cpp
D:\VANITY\VanityBin\Osiris\Hacks\Misc.cpp(829,54): warning C4244: 'argument': conversion from 'int' to 'float', possible loss of data
D:\VANITY\VanityBin\Osiris\Hacks\Misc.cpp(917,72): warning C4244: 'argument': conversion from 'float' to 'int', possible loss of data
  GlobalVars.cpp
  KeyValues.cpp
  Generating code
  Compiler switch has changed, fall back to full compilation.
  All 5361 functions were compiled because no usable IPDB/IOBJ from previous compilation was found.
  Finished generating code
  Osiris.vcxproj -> D:\VANITY\VanityBin\Release\Osiris.dll
